<?xml version="1.0" encoding="UTF-8"?>
<!-- Generated by org.testng.reporters.JUnitXMLReporter -->
<testsuite hostname="LAPTOP-JEI8AS0O" ignored="2" name="Default test" tests="1" failures="0" timestamp="20 Oct 2019 19:30:28 GMT" time="9.641" errors="0">
  <testcase name="LoginSuccess" time="3.867" classname="testcases.NewTest"/>
  <testcase name="verifyListOptionOnDashboard" time="0.0" classname="testcases.NewTest">
    <ignored/>
  </testcase> <!-- verifyListOptionOnDashboard -->
  <testcase name="LoginunSuccess" time="0.0" classname="testcases.NewTest">
    <ignored/>
  </testcase> <!-- LoginunSuccess -->
</testsuite> <!-- Default test -->
